Arguments: 
  /usr/local/bin/node /Users/xavierperalta/.yarn/bin/yarn.js add JWT-decode

PATH: 
  /Users/xavierperalta/.yarn/bin:/Users/xavierperalta/.config/yarn/global/node_modules/.bin:/Library/Frameworks/Python.framework/Versions/3.8/bin:/usr/local/bin:/usr/bin:/bin:/usr/sbin:/sbin:/usr/local/share/dotnet:~/.dotnet/tools:/Library/Apple/usr/bin:/Users/xavierperalta/PhpstormProjects/twitter-app/node_modules/.bin

Yarn version: 
  1.22.4

Node version: 
  12.16.1

Platform: 
  darwin x64

Trace: 
  Error: https://registry.yarnpkg.com/JWT-decode: Not found
      at Request.params.callback [as _callback] (/Users/xavierperalta/.yarn/lib/cli.js:66987:18)
      at Request.self.callback (/Users/xavierperalta/.yarn/lib/cli.js:140748:22)
      at Request.emit (events.js:311:20)
      at Request.<anonymous> (/Users/xavierperalta/.yarn/lib/cli.js:141720:10)
      at Request.emit (events.js:311:20)
      at IncomingMessage.<anonymous> (/Users/xavierperalta/.yarn/lib/cli.js:141642:12)
      at Object.onceWrapper (events.js:417:28)
      at IncomingMessage.emit (events.js:323:22)
      at endReadableNT (_stream_readable.js:1204:12)
      at processTicksAndRejections (internal/process/task_queues.js:84:21)

npm manifest: 
  {
    "name": "twitter-app",
    "version": "0.1.0",
    "private": true,
    "dependencies": {
      "@fortawesome/fontawesome-svg-core": "^1.2.28",
      "@fortawesome/free-solid-svg-icons": "^5.13.0",
      "@fortawesome/react-fontawesome": "^0.1.10",
      "@material-ui/core": "^4.10.2",
      "@material-ui/icons": "^4.9.1",
      "@testing-library/jest-dom": "^4.2.4",
      "@testing-library/react": "^9.3.2",
      "@testing-library/user-event": "^7.1.2",
      "bootstrap": "^4.5.0",
      "little-state-machine": "^3.0.2",
      "react": "^16.13.1",
      "react-alert": "^7.0.1",
      "react-alert-template-basic": "^1.0.0",
      "react-bootstrap": "^1.0.1",
      "react-datepicker": "^3.0.0",
      "react-dom": "^16.13.1",
      "react-hook-form": "^5.7.2",
      "react-router-dom": "^5.2.0",
      "react-scripts": "3.4.1"
    },
    "scripts": {
      "start": "react-scripts start",
      "build": "react-scripts build",
      "test": "react-scripts test",
      "eject": "react-scripts eject"
    },
    "eslintConfig": {
      "extends": "react-app"
    },
    "browserslist": {
      "production": [
        ">0.2%",
        "not dead",
        "not op_mini all"
      ],
      "development": [
        "last 1 chrome version",
        "last 1 firefox version",
        "last 1 safari version"
      ]
    }
  }

yarn manifest: 
  No manifest

Lockfile: 
  No lockfile
